<?xml version="1.0" encoding="UTF-8"?>
<!-- Generated by org.testng.reporters.JUnitXMLReporter -->
<testsuite ignored="0" hostname="LAPTOP-4TLRMUI9" failures="0" tests="3" name="Test" time="76.68" errors="0" timestamp="2023-09-13T21:50:36 IST">
  <testcase classname="Testcases.logintestcase" name="verifyValidLogin" time="3.251"/>
  <testcase classname="Testcases.logintestcase" name="verifyInValidLogin" time="2.145"/>
  <testcase classname="Testcases.MyinfoTestCase" name="fillPersonalDetails" time="31.838"/>
</testsuite> <!-- Test -->
